<?xml version="1.0" encoding="UTF-8" ?>
<testsuite errors="0" failures="0" hostname="Note-Dell" name="net.guilhermelacerda.tests.Rot47CipherStrategyTest" tests="2" time="0.009" timestamp="2013-09-30T19:01:27">
  <properties>
[...]
</properties>
  <testcase classname="net.guilhermelacerda.tests.Rot47CipherStrategyTest" name="shouldReturnTest" time="0.0" />
  <testcase classname="net.guilhermelacerda.tests.Rot47CipherStrategyTest" name="shouldReturnE6de" time="0.001" />
  <system-out><![CDATA[]]></system-out>
  <system-err><![CDATA[]]></system-err>
</testsuite>
